2022-09-01 20:53:23,188  INFO [main] pathquest:29 - Browser is opened.
2022-09-01 20:53:23,322  INFO [main] pathquest:34 - Browser is maximized.
2022-09-01 20:53:29,801  INFO [main] pathquest:37 - URL is entered.
2022-09-01 20:53:35,390  INFO [main] pathquest:41 - Clicked on register now.
2022-09-01 20:53:35,659  INFO [main] pathquest:46 - First Name is entered.
2022-09-01 20:53:35,859  INFO [main] pathquest:49 - Last Name is entered.
2022-09-01 20:57:52,383  INFO [main] pathquest:29 - Browser is opened.
2022-09-01 20:57:52,517  INFO [main] pathquest:34 - Browser is maximized.
2022-09-01 20:57:58,406  INFO [main] pathquest:37 - URL is entered.
2022-09-01 20:58:02,099  INFO [main] pathquest:41 - Clicked on register now.
2022-09-01 20:58:02,259  INFO [main] pathquest:46 - First Name is entered.
2022-09-01 20:58:02,371  INFO [main] pathquest:49 - Last Name is entered.
2022-09-01 20:58:02,544  INFO [main] pathquest:52 - Clicked on dropdown.
2022-09-01 20:58:02,631  INFO [main] pathquest:55 - Clicked on Business.
2022-09-01 20:58:02,725  INFO [main] pathquest:58 - Business Name is entered.
2022-09-01 20:58:02,836  INFO [main] pathquest:61 - Email ID is entered.
2022-09-01 21:01:04,116  INFO [main] pathquest:29 - Browser is opened.
2022-09-01 21:01:04,250  INFO [main] pathquest:34 - Browser is maximized.
2022-09-01 21:01:14,399  INFO [main] pathquest:37 - URL is entered.
2022-09-01 21:01:18,746  INFO [main] pathquest:41 - Clicked on register now.
2022-09-01 21:01:19,039  INFO [main] pathquest:46 - First Name is entered.
2022-09-01 21:01:19,227  INFO [main] pathquest:49 - Last Name is entered.
2022-09-01 21:01:19,437  INFO [main] pathquest:52 - Clicked on dropdown.
2022-09-01 21:01:19,599  INFO [main] pathquest:55 - Clicked on Business.
2022-09-01 21:01:19,775  INFO [main] pathquest:58 - Business Name is entered.
2022-09-01 21:01:20,005  INFO [main] pathquest:61 - Email ID is entered.
2022-09-01 21:01:20,549  INFO [main] pathquest:64 - Country code is selected.
2022-09-01 21:01:20,766  INFO [main] pathquest:67 - India Country code is selected.
2022-09-01 21:01:20,940  INFO [main] pathquest:70 - Phone Number is entered.
2022-09-01 21:01:21,138  INFO [main] pathquest:73 - Clicked on accounts payable.
2022-09-01 21:01:21,340  INFO [main] pathquest:76 - Clicked on Business Intelligence.
2022-09-01 21:01:21,550  INFO [main] pathquest:79 - Clicked on the check box to agree the terms.
2022-09-01 21:01:21,814  INFO [main] pathquest:82 - Clicked on SignUp Button
2022-09-01 21:12:55,897  INFO [main] pathquest:29 - Browser is opened.
2022-09-01 21:12:56,035  INFO [main] pathquest:34 - Browser is maximized.
2022-09-01 21:13:00,523  INFO [main] pathquest:37 - URL is entered.
2022-09-01 21:13:03,222  INFO [main] pathquest:41 - Clicked on register now.
2022-09-01 21:13:03,313  INFO [main] pathquest:46 - First Name is entered.
2022-09-01 21:13:03,389  INFO [main] pathquest:49 - Last Name is entered.
2022-09-01 21:13:03,544  INFO [main] pathquest:52 - Clicked on dropdown.
2022-09-01 21:13:03,595  INFO [main] pathquest:55 - Clicked on Business.
2022-09-01 21:13:03,664  INFO [main] pathquest:58 - Business Name is entered.
2022-09-01 21:13:03,752  INFO [main] pathquest:61 - Email ID is entered.
2022-09-01 21:13:04,028  INFO [main] pathquest:64 - Country code is selected.
2022-09-01 21:13:04,190  INFO [main] pathquest:67 - India Country code is selected.
2022-09-01 21:13:04,244  INFO [main] pathquest:70 - Phone Number is entered.
2022-09-01 21:13:04,405  INFO [main] pathquest:73 - Clicked on accounts payable.
2022-09-01 21:13:04,572  INFO [main] pathquest:76 - Clicked on Business Intelligence.
2022-09-01 21:13:04,737  INFO [main] pathquest:79 - Clicked on the check box to agree the terms.
2022-09-01 21:13:04,919  INFO [main] pathquest:82 - Clicked on SignUp Button
2022-09-01 21:15:36,609  INFO [main] pathquest:30 - Browser is opened.
2022-09-01 21:15:36,741  INFO [main] pathquest:35 - Browser is maximized.
2022-09-01 21:15:42,623  INFO [main] pathquest:38 - URL is entered.
2022-09-01 21:15:45,298  INFO [main] pathquest:42 - Clicked on register now.
2022-09-01 21:15:45,383  INFO [main] pathquest:47 - First Name is entered.
2022-09-01 21:15:45,452  INFO [main] pathquest:50 - Last Name is entered.
2022-09-01 21:15:45,612  INFO [main] pathquest:53 - Clicked on dropdown.
2022-09-01 21:15:45,668  INFO [main] pathquest:56 - Clicked on Business.
2022-09-01 21:15:45,744  INFO [main] pathquest:59 - Business Name is entered.
2022-09-01 21:15:45,838  INFO [main] pathquest:62 - Email ID is entered.
2022-09-01 21:15:46,094  INFO [main] pathquest:65 - Country code is selected.
2022-09-01 21:15:46,251  INFO [main] pathquest:68 - India Country code is selected.
2022-09-01 21:15:46,318  INFO [main] pathquest:71 - Phone Number is entered.
2022-09-01 21:15:46,464  INFO [main] pathquest:74 - Clicked on accounts payable.
2022-09-01 21:15:46,642  INFO [main] pathquest:77 - Clicked on Business Intelligence.
2022-09-01 21:15:46,836  INFO [main] pathquest:80 - Clicked on the check box to agree the terms.
2022-09-01 21:15:47,034  INFO [main] pathquest:83 - Clicked on SignUp Button
2022-09-01 21:15:47,041  INFO [main] pathquest:91 - Registration Successful
2022-09-01 21:17:17,626  INFO [main] pathquest:32 - Browser is opened.
2022-09-01 21:17:17,757  INFO [main] pathquest:37 - Browser is maximized.
2022-09-01 21:17:20,173  INFO [main] pathquest:40 - URL is entered.
2022-09-01 21:17:21,806  INFO [main] pathquest:44 - Clicked on register now.
2022-09-01 21:17:21,895  INFO [main] pathquest:49 - First Name is entered.
2022-09-01 21:17:21,966  INFO [main] pathquest:52 - Last Name is entered.
2022-09-01 21:17:22,131  INFO [main] pathquest:55 - Clicked on dropdown.
2022-09-01 21:17:22,183  INFO [main] pathquest:58 - Clicked on Business.
2022-09-01 21:17:22,251  INFO [main] pathquest:61 - Business Name is entered.
2022-09-01 21:17:22,338  INFO [main] pathquest:64 - Email ID is entered.
2022-09-01 21:17:22,577  INFO [main] pathquest:67 - Country code is selected.
2022-09-01 21:17:22,739  INFO [main] pathquest:70 - India Country code is selected.
2022-09-01 21:17:22,796  INFO [main] pathquest:73 - Phone Number is entered.
2022-09-01 21:17:22,951  INFO [main] pathquest:76 - Clicked on accounts payable.
2022-09-01 21:17:23,114  INFO [main] pathquest:79 - Clicked on Business Intelligence.
2022-09-01 21:17:23,306  INFO [main] pathquest:82 - Clicked on the check box to agree the terms.
2022-09-01 21:17:23,484  INFO [main] pathquest:85 - Clicked on SignUp Button
2022-09-01 21:17:23,676  INFO [main] pathquest:95 - Registration Successful
2022-09-01 21:18:12,039  INFO [main] pathquest:32 - Browser is opened.
2022-09-01 21:18:12,178  INFO [main] pathquest:37 - Browser is maximized.
2022-09-01 21:18:14,778  INFO [main] pathquest:40 - URL is entered.
2022-09-01 21:18:16,358  INFO [main] pathquest:44 - Clicked on register now.
2022-09-01 21:18:16,445  INFO [main] pathquest:49 - First Name is entered.
2022-09-01 21:18:16,519  INFO [main] pathquest:52 - Last Name is entered.
2022-09-01 21:18:16,680  INFO [main] pathquest:55 - Clicked on dropdown.
2022-09-01 21:18:16,734  INFO [main] pathquest:58 - Clicked on Business.
2022-09-01 21:18:16,807  INFO [main] pathquest:61 - Business Name is entered.
2022-09-01 21:18:16,894  INFO [main] pathquest:64 - Email ID is entered.
2022-09-01 21:18:17,161  INFO [main] pathquest:67 - Country code is selected.
2022-09-01 21:18:17,315  INFO [main] pathquest:70 - India Country code is selected.
2022-09-01 21:18:17,374  INFO [main] pathquest:73 - Phone Number is entered.
2022-09-01 21:18:17,526  INFO [main] pathquest:76 - Clicked on accounts payable.
2022-09-01 21:18:17,720  INFO [main] pathquest:79 - Clicked on Business Intelligence.
2022-09-01 21:18:17,914  INFO [main] pathquest:82 - Clicked on the check box to agree the terms.
2022-09-01 21:18:18,147  INFO [main] pathquest:85 - Clicked on SignUp Button
2022-09-01 21:18:18,382  INFO [main] pathquest:95 - Registration Successful
2022-09-01 21:18:58,410  INFO [main] pathquest:27 - Browser is opened.
2022-09-01 21:18:58,538  INFO [main] pathquest:32 - Browser is maximized.
2022-09-01 21:19:01,039  INFO [main] pathquest:35 - URL is entered.
2022-09-01 21:19:01,150  INFO [main] pathquest:40 - Email ID is entered.
2022-09-01 21:19:01,207  INFO [main] pathquest:43 - Password is entered.
2022-09-01 21:19:01,367  INFO [main] pathquest:46 - Clicked on login button
2022-09-01 21:19:01,434  INFO [main] pathquest:54 - Browser is closed.
2022-09-01 21:20:32,246  INFO [main] pathquest:27 - Browser is opened.
2022-09-01 21:20:32,382  INFO [main] pathquest:32 - Browser is maximized.
2022-09-01 21:20:34,705  INFO [main] pathquest:35 - URL is entered.
2022-09-01 21:20:34,816  INFO [main] pathquest:40 - Email ID is entered.
2022-09-01 21:20:34,873  INFO [main] pathquest:43 - Password is entered.
2022-09-01 21:20:35,030  INFO [main] pathquest:46 - Clicked on login button
2022-09-01 21:20:35,215  INFO [main] pathquest:25 - Test Case 002 is passed.
2022-09-01 21:20:35,299  INFO [main] pathquest:54 - Browser is closed.
2022-09-01 22:41:35,556  INFO [main] pathquest:27 - Browser is opened.
2022-09-01 22:41:35,698  INFO [main] pathquest:32 - Browser is maximized.
2022-09-01 22:41:50,682  INFO [main] pathquest:35 - URL is entered.
2022-09-01 22:41:51,024  INFO [main] pathquest:40 - Email ID is entered.
2022-09-01 22:41:51,186  INFO [main] pathquest:43 - Password is entered.
2022-09-01 22:41:51,350  INFO [main] pathquest:46 - Clicked on login button
2022-09-01 22:41:51,692  INFO [main] pathquest:25 - Manage Company Page is Opened. Test Case 002 is passed.
2022-09-01 22:41:51,985  INFO [main] pathquest:54 - Browser is closed.
2022-09-01 22:42:14,451  INFO [main] pathquest:32 - Browser is opened.
2022-09-01 22:42:14,601  INFO [main] pathquest:37 - Browser is maximized.
2022-09-01 22:42:17,462  INFO [main] pathquest:40 - URL is entered.
2022-09-01 22:42:22,488  INFO [main] pathquest:44 - Clicked on register now.
2022-09-01 22:42:22,638  INFO [main] pathquest:49 - First Name is entered.
2022-09-01 22:42:22,762  INFO [main] pathquest:52 - Last Name is entered.
2022-09-01 22:42:22,986  INFO [main] pathquest:55 - Clicked on dropdown.
2022-09-01 22:42:23,075  INFO [main] pathquest:58 - Clicked on Business.
2022-09-01 22:42:23,179  INFO [main] pathquest:61 - Business Name is entered.
2022-09-01 22:42:23,331  INFO [main] pathquest:64 - Email ID is entered.
2022-09-01 22:42:23,759  INFO [main] pathquest:67 - Country code is selected.
2022-09-01 22:42:23,932  INFO [main] pathquest:70 - India Country code is selected.
2022-09-01 22:42:24,021  INFO [main] pathquest:73 - Phone Number is entered.
2022-09-01 22:42:24,185  INFO [main] pathquest:76 - Clicked on accounts payable.
2022-09-01 22:42:24,374  INFO [main] pathquest:79 - Clicked on Business Intelligence.
2022-09-01 22:42:24,574  INFO [main] pathquest:82 - Clicked on the check box to agree the terms.
2022-09-01 22:42:24,837  INFO [main] pathquest:85 - Clicked on SignUp Button
2022-09-01 22:42:25,206  INFO [main] pathquest:95 - Registration Successful
2022-09-01 22:53:18,509  INFO [main] pathquest:27 - Browser is opened.
2022-09-01 22:53:18,649  INFO [main] pathquest:32 - Browser is maximized.
2022-09-01 22:53:30,505  INFO [main] pathquest:35 - URL is entered.
2022-09-01 22:53:30,638  INFO [main] pathquest:40 - Email ID is entered.
2022-09-01 22:53:30,700  INFO [main] pathquest:43 - Password is entered.
2022-09-01 22:53:30,844  INFO [main] pathquest:46 - Clicked on login button
2022-09-01 22:54:56,110  INFO [main] pathquest:20 - Clicked on Profile.
2022-09-01 22:54:56,293  INFO [main] pathquest:23 - Clicked on LogOut Button.
2022-09-01 22:54:56,427  INFO [main] pathquest:54 - Browser is closed.
2022-09-01 22:55:39,444  INFO [main] pathquest:27 - Browser is opened.
2022-09-01 22:55:39,577  INFO [main] pathquest:32 - Browser is maximized.
2022-09-01 22:55:41,896  INFO [main] pathquest:35 - URL is entered.
2022-09-01 22:55:42,015  INFO [main] pathquest:40 - Email ID is entered.
2022-09-01 22:55:42,076  INFO [main] pathquest:43 - Password is entered.
2022-09-01 22:55:42,208  INFO [main] pathquest:46 - Clicked on login button
2022-09-01 22:56:15,448  INFO [main] pathquest:20 - Clicked on Profile.
2022-09-01 22:56:15,644  INFO [main] pathquest:23 - Clicked on LogOut Button.
2022-09-01 22:56:15,808  INFO [main] pathquest:54 - Browser is closed.
2022-09-01 22:57:41,771  INFO [main] pathquest:27 - Browser is opened.
2022-09-01 22:57:41,897  INFO [main] pathquest:32 - Browser is maximized.
2022-09-01 22:57:46,431  INFO [main] pathquest:35 - URL is entered.
2022-09-01 22:57:46,560  INFO [main] pathquest:40 - Email ID is entered.
2022-09-01 22:57:46,626  INFO [main] pathquest:43 - Password is entered.
2022-09-01 22:57:46,763  INFO [main] pathquest:46 - Clicked on login button
2022-09-01 22:58:51,873  INFO [main] pathquest:20 - Clicked on Profile.
2022-09-01 22:58:52,060  INFO [main] pathquest:23 - Clicked on LogOut Button.
2022-09-01 22:58:52,198  INFO [main] pathquest:54 - Browser is closed.
2022-09-01 22:59:49,134  INFO [main] pathquest:27 - Browser is opened.
2022-09-01 22:59:49,265  INFO [main] pathquest:32 - Browser is maximized.
2022-09-01 22:59:57,226  INFO [main] pathquest:35 - URL is entered.
2022-09-01 22:59:57,367  INFO [main] pathquest:40 - Email ID is entered.
2022-09-01 22:59:57,428  INFO [main] pathquest:43 - Password is entered.
2022-09-01 22:59:57,567  INFO [main] pathquest:46 - Clicked on login button
2022-09-01 23:00:36,221  INFO [main] pathquest:20 - Clicked on Profile.
2022-09-01 23:00:36,416  INFO [main] pathquest:23 - Clicked on LogOut Button.
2022-09-01 23:00:36,558  INFO [main] pathquest:54 - Browser is closed.
2022-09-01 23:01:11,317  INFO [main] pathquest:27 - Browser is opened.
2022-09-01 23:01:11,446  INFO [main] pathquest:32 - Browser is maximized.
2022-09-01 23:01:14,751  INFO [main] pathquest:35 - URL is entered.
2022-09-01 23:01:40,514  INFO [main] pathquest:27 - Browser is opened.
2022-09-01 23:01:40,640  INFO [main] pathquest:32 - Browser is maximized.
2022-09-01 23:01:43,132  INFO [main] pathquest:35 - URL is entered.
2022-09-01 23:01:43,257  INFO [main] pathquest:40 - Email ID is entered.
2022-09-01 23:01:43,317  INFO [main] pathquest:43 - Password is entered.
2022-09-01 23:01:43,453  INFO [main] pathquest:46 - Clicked on login button
2022-09-01 23:01:51,253  INFO [main] pathquest:20 - Clicked on Profile.
2022-09-01 23:01:51,449  INFO [main] pathquest:23 - Clicked on LogOut Button.
2022-09-01 23:01:51,464  INFO [main] pathquest:31 - Test Case 003 is passed.
2022-09-01 23:01:51,704  INFO [main] pathquest:54 - Browser is closed.
